<?xml version="1.0" encoding="UTF-8"?>
<testng-results ignored="0" total="1" passed="1" failed="0" skipped="0">
  <reporter-output>
    <line>
      <![CDATA[-----db connection successfull----]]>
    </line>
    <line>
      <![CDATA[Chrome----browser launched-----]]>
    </line>
    <line>
      <![CDATA[----login successfull]]>
    </line>
    <line>
      <![CDATA[---click on org link---]]>
    </line>
    <line>
      <![CDATA[---click on create new org lookup img---]]>
    </line>
    <line>
      <![CDATA[---new org created---]]>
    </line>
    <line>
      <![CDATA[-----logout successsfull---]]>
    </line>
    <line>
      <![CDATA[----browser closed----]]>
    </line>
    <line>
      <![CDATA[-----db closed---]]>
    </line>
  </reporter-output>
  <suite started-at="2022-09-08T21:14:31 IST" name="Default suite" finished-at="2022-09-08T21:15:42 IST" duration-ms="71110">
    <groups>
    </groups>
    <test started-at="2022-09-08T21:14:31 IST" name="Default test" finished-at="2022-09-08T21:15:42 IST" duration-ms="71110">
      <class name="Testng.CreateOrgWithIndustry">
        <test-method is-config="true" signature="bsConfig()[pri:0, instance:Testng.CreateOrgWithIndustry@4e7912d8]" started-at="2022-09-08T21:14:30 IST" name="bsConfig" finished-at="2022-09-08T21:14:31 IST" duration-ms="532" status="PASS">
          <reporter-output>
            <line>
              <![CDATA[-----db connection successfull----]]>
            </line>
          </reporter-output>
        </test-method> <!-- bsConfig -->
        <test-method is-config="true" signature="bcConfig()[pri:0, instance:Testng.CreateOrgWithIndustry@4e7912d8]" started-at="2022-09-08T21:14:31 IST" name="bcConfig" finished-at="2022-09-08T21:14:50 IST" duration-ms="19013" status="PASS">
          <reporter-output>
            <line>
              <![CDATA[Chrome----browser launched-----]]>
            </line>
          </reporter-output>
        </test-method> <!-- bcConfig -->
        <test-method is-config="true" signature="bmConfig()[pri:0, instance:Testng.CreateOrgWithIndustry@4e7912d8]" started-at="2022-09-08T21:14:50 IST" name="bmConfig" finished-at="2022-09-08T21:15:08 IST" duration-ms="18227" status="PASS">
          <reporter-output>
            <line>
              <![CDATA[----login successfull]]>
            </line>
          </reporter-output>
        </test-method> <!-- bmConfig -->
        <test-method signature="createOrgWithIndustryTest()[pri:0, instance:Testng.CreateOrgWithIndustry@4e7912d8]" started-at="2022-09-08T21:15:08 IST" name="createOrgWithIndustryTest" finished-at="2022-09-08T21:15:37 IST" duration-ms="28444" status="PASS">
          <reporter-output>
            <line>
              <![CDATA[---click on org link---]]>
            </line>
            <line>
              <![CDATA[---click on create new org lookup img---]]>
            </line>
            <line>
              <![CDATA[---new org created---]]>
            </line>
          </reporter-output>
        </test-method> <!-- createOrgWithIndustryTest -->
        <test-method is-config="true" signature="amConfig()[pri:0, instance:Testng.CreateOrgWithIndustry@4e7912d8]" started-at="2022-09-08T21:15:37 IST" name="amConfig" finished-at="2022-09-08T21:15:40 IST" duration-ms="3881" status="PASS">
          <reporter-output>
            <line>
              <![CDATA[-----logout successsfull---]]>
            </line>
          </reporter-output>
        </test-method> <!-- amConfig -->
        <test-method is-config="true" signature="acConfig()[pri:0, instance:Testng.CreateOrgWithIndustry@4e7912d8]" started-at="2022-09-08T21:15:40 IST" name="acConfig" finished-at="2022-09-08T21:15:42 IST" duration-ms="1462" status="PASS">
          <reporter-output>
            <line>
              <![CDATA[----browser closed----]]>
            </line>
          </reporter-output>
        </test-method> <!-- acConfig -->
        <test-method is-config="true" signature="asConfig()[pri:0, instance:Testng.CreateOrgWithIndustry@4e7912d8]" started-at="2022-09-08T21:15:42 IST" name="asConfig" finished-at="2022-09-08T21:15:42 IST" duration-ms="11" status="PASS">
          <reporter-output>
            <line>
              <![CDATA[-----db closed---]]>
            </line>
          </reporter-output>
        </test-method> <!-- asConfig -->
      </class> <!-- Testng.CreateOrgWithIndustry -->
    </test> <!-- Default test -->
  </suite> <!-- Default suite -->
</testng-results>
